
*** Running vivado
    with args -log pipe_mult.vds -m64 -mode batch -messageDb vivado.pb -source pipe_mult.tcl


****** Vivado v2014.4 (64-bit)
  **** SW Build 1071353 on Tue Nov 18 18:29:27 MST 2014
  **** IP Build 1070531 on Tue Nov 18 01:10:18 MST 2014
    ** Copyright 1986-2014 Xilinx, Inc. All Rights Reserved.

source pipe_mult.tcl
# set_param gui.test TreeTableDev
# debug::add_scope template.lib 1
# set_msg_config -id {HDL 9-1061} -limit 100000
# set_msg_config -id {HDL 9-1654} -limit 100000
# create_project -in_memory -part xc7a35tcpg236-1
# set_param project.compositeFile.enableAutoGeneration 0
# set_param synth.vivado.isSynthRun true
# set_property webtalk.parent_dir C:/Users/lc599/Desktop/pipeline_mult/pipeline_mult.cache/wt [current_project]
# set_property parent.project_path C:/Users/lc599/Desktop/pipeline_mult/pipeline_mult.xpr [current_project]
# set_property default_lib xil_defaultlib [current_project]
# set_property target_language Verilog [current_project]
# read_vhdl -library xil_defaultlib {
#   C:/Users/lc599/Desktop/pipeline_mult/pipeline_mult.srcs/sources_1/imports/pipeline_mult_modelsim/pe.vhd
#   C:/Users/lc599/Desktop/pipeline_mult/pipeline_mult.srcs/sources_1/imports/pipeline_mult_modelsim/DFF.vhd
#   C:/Users/lc599/Desktop/pipeline_mult/pipeline_mult.srcs/sources_1/imports/pipeline_mult_modelsim/pipe_mult.vhd
# }
# read_xdc {{C:/Users/lc599/Desktop/pipeline_mult/pipeline_mult.srcs/constrs_1/imports/ECEC 302 Projects/Basys3_Master.xdc}}
# set_property used_in_implementation false [get_files {{C:/Users/lc599/Desktop/pipeline_mult/pipeline_mult.srcs/constrs_1/imports/ECEC 302 Projects/Basys3_Master.xdc}}]
# catch { write_hwdef -file pipe_mult.hwdef }
INFO: [Vivado_Tcl 4-279] hardware handoff file cannot be generated as there is no block diagram instance in the design
# synth_design -top pipe_mult -part xc7a35tcpg236-1
Command: synth_design -top pipe_mult -part xc7a35tcpg236-1
Starting synth_design
Attempting to get a license for feature 'Synthesis' and/or device 'xc7a35t'
INFO: [Common 17-349] Got license for feature 'Synthesis' and/or device 'xc7a35t'
INFO: [Common 17-1223] The version limit for your license is '2014.11' and will expire in -163 days. A version limit expiration means that, although you may be able to continue to use the current version of tools or IP with this license, you will not be eligible for any updates or new releases.
---------------------------------------------------------------------------------
Starting RTL Elaboration : Time (s): cpu = 00:00:04 ; elapsed = 00:00:04 . Memory (MB): peak = 244.336 ; gain = 75.742
---------------------------------------------------------------------------------
INFO: [Synth 8-638] synthesizing module 'pipe_mult' [C:/Users/lc599/Desktop/pipeline_mult/pipeline_mult.srcs/sources_1/imports/pipeline_mult_modelsim/pipe_mult.vhd:18]
	Parameter N bound to: 4 - type: integer 
INFO: [Synth 8-3491] module 'DFF' declared at 'C:/Users/lc599/Desktop/pipeline_mult/pipeline_mult.srcs/sources_1/imports/pipeline_mult_modelsim/DFF.vhd:7' bound to instance 'D' of component 'DFF' [C:/Users/lc599/Desktop/pipeline_mult/pipeline_mult.srcs/sources_1/imports/pipeline_mult_modelsim/pipe_mult.vhd:45]
INFO: [Synth 8-638] synthesizing module 'DFF' [C:/Users/lc599/Desktop/pipeline_mult/pipeline_mult.srcs/sources_1/imports/pipeline_mult_modelsim/DFF.vhd:14]
INFO: [Synth 8-256] done synthesizing module 'DFF' (1#1) [C:/Users/lc599/Desktop/pipeline_mult/pipeline_mult.srcs/sources_1/imports/pipeline_mult_modelsim/DFF.vhd:14]
INFO: [Synth 8-3491] module 'pe' declared at 'C:/Users/lc599/Desktop/pipeline_mult/pipeline_mult.srcs/sources_1/imports/pipeline_mult_modelsim/pe.vhd:5' bound to instance 'cell' of component 'pe' [C:/Users/lc599/Desktop/pipeline_mult/pipeline_mult.srcs/sources_1/imports/pipeline_mult_modelsim/pipe_mult.vhd:49]
INFO: [Synth 8-638] synthesizing module 'pe' [C:/Users/lc599/Desktop/pipeline_mult/pipeline_mult.srcs/sources_1/imports/pipeline_mult_modelsim/pe.vhd:13]
INFO: [Synth 8-256] done synthesizing module 'pe' (2#1) [C:/Users/lc599/Desktop/pipeline_mult/pipeline_mult.srcs/sources_1/imports/pipeline_mult_modelsim/pe.vhd:13]
INFO: [Synth 8-3491] module 'pe' declared at 'C:/Users/lc599/Desktop/pipeline_mult/pipeline_mult.srcs/sources_1/imports/pipeline_mult_modelsim/pe.vhd:5' bound to instance 'cell' of component 'pe' [C:/Users/lc599/Desktop/pipeline_mult/pipeline_mult.srcs/sources_1/imports/pipeline_mult_modelsim/pipe_mult.vhd:52]
INFO: [Synth 8-3491] module 'pe' declared at 'C:/Users/lc599/Desktop/pipeline_mult/pipeline_mult.srcs/sources_1/imports/pipeline_mult_modelsim/pe.vhd:5' bound to instance 'cell' of component 'pe' [C:/Users/lc599/Desktop/pipeline_mult/pipeline_mult.srcs/sources_1/imports/pipeline_mult_modelsim/pipe_mult.vhd:52]
INFO: [Synth 8-3491] module 'pe' declared at 'C:/Users/lc599/Desktop/pipeline_mult/pipeline_mult.srcs/sources_1/imports/pipeline_mult_modelsim/pe.vhd:5' bound to instance 'cell' of component 'pe' [C:/Users/lc599/Desktop/pipeline_mult/pipeline_mult.srcs/sources_1/imports/pipeline_mult_modelsim/pipe_mult.vhd:55]
INFO: [Synth 8-256] done synthesizing module 'pipe_mult' (3#1) [C:/Users/lc599/Desktop/pipeline_mult/pipeline_mult.srcs/sources_1/imports/pipeline_mult_modelsim/pipe_mult.vhd:18]
---------------------------------------------------------------------------------
Finished RTL Elaboration : Time (s): cpu = 00:00:04 ; elapsed = 00:00:05 . Memory (MB): peak = 278.469 ; gain = 109.875
---------------------------------------------------------------------------------

Report Check Netlist: 
+------+------------------+-------+---------+-------+------------------+
|      |Item              |Errors |Warnings |Status |Description       |
+------+------------------+-------+---------+-------+------------------+
|1     |multi_driven_nets |      0|        0|Passed |Multi driven nets |
+------+------------------+-------+---------+-------+------------------+
---------------------------------------------------------------------------------
Finished RTL Optimization Phase 1 : Time (s): cpu = 00:00:05 ; elapsed = 00:00:05 . Memory (MB): peak = 278.469 ; gain = 109.875
---------------------------------------------------------------------------------
Loading clock regions from C:/Xilinx/Vivado/2014.4/data\parts/xilinx/artix7/artix7/xc7a35t/ClockRegion.xml
Loading clock buffers from C:/Xilinx/Vivado/2014.4/data\parts/xilinx/artix7/artix7/xc7a35t/ClockBuffers.xml
Loading clock placement rules from C:/Xilinx/Vivado/2014.4/data/parts/xilinx/artix7/ClockPlacerRules.xml
Loading package pin functions from C:/Xilinx/Vivado/2014.4/data\parts/xilinx/artix7/PinFunctions.xml...
Loading package from C:/Xilinx/Vivado/2014.4/data\parts/xilinx/artix7/artix7/xc7a35t/cpg236/Package.xml
Loading io standards from C:/Xilinx/Vivado/2014.4/data\./parts/xilinx/artix7/IOStandards.xml
Loading device configuration modes from C:/Xilinx/Vivado/2014.4/data\parts/xilinx/artix7/ConfigModes.xml
INFO: [Project 1-570] Preparing netlist for logic optimization

Processing XDC Constraints
Initializing timing engine
Parsing XDC File [C:/Users/lc599/Desktop/pipeline_mult/pipeline_mult.srcs/constrs_1/imports/ECEC 302 Projects/Basys3_Master.xdc]
Finished Parsing XDC File [C:/Users/lc599/Desktop/pipeline_mult/pipeline_mult.srcs/constrs_1/imports/ECEC 302 Projects/Basys3_Master.xdc]
Completed Processing XDC Constraints

INFO: [Project 1-111] Unisim Transformation Summary:
No Unisim elements were transformed.

Constraint Validation Runtime : Time (s): cpu = 00:00:00 ; elapsed = 00:00:00.002 . Memory (MB): peak = 554.156 ; gain = 0.000
---------------------------------------------------------------------------------
Finished Constraint Validation : Time (s): cpu = 00:00:11 ; elapsed = 00:00:12 . Memory (MB): peak = 554.156 ; gain = 385.563
---------------------------------------------------------------------------------
---------------------------------------------------------------------------------
Start Loading Part and Timing Information
---------------------------------------------------------------------------------
Loading part: xc7a35tcpg236-1
---------------------------------------------------------------------------------
Finished Loading Part and Timing Information : Time (s): cpu = 00:00:11 ; elapsed = 00:00:12 . Memory (MB): peak = 554.156 ; gain = 385.563
---------------------------------------------------------------------------------
---------------------------------------------------------------------------------
Start Applying 'set_property' XDC Constraints
---------------------------------------------------------------------------------
---------------------------------------------------------------------------------
Finished applying 'set_property' XDC Constraints : Time (s): cpu = 00:00:11 ; elapsed = 00:00:12 . Memory (MB): peak = 554.156 ; gain = 385.563
---------------------------------------------------------------------------------
---------------------------------------------------------------------------------
Finished RTL Optimization Phase 2 : Time (s): cpu = 00:00:11 ; elapsed = 00:00:12 . Memory (MB): peak = 554.156 ; gain = 385.563
---------------------------------------------------------------------------------

Report RTL Partitions: 
+-+--------------+------------+----------+
| |RTL Partition |Replication |Instances |
+-+--------------+------------+----------+
+-+--------------+------------+----------+
---------------------------------------------------------------------------------
Start RTL Component Statistics 
---------------------------------------------------------------------------------
Detailed RTL Component Info : 
+---XORs : 
	   3 Input      1 Bit         XORs := 4     
+---Registers : 
	                2 Bit    Registers := 1     
	                1 Bit    Registers := 14    
+---Muxes : 
	   4 Input      2 Bit        Muxes := 1     
	   4 Input      1 Bit        Muxes := 1     
---------------------------------------------------------------------------------
Finished RTL Component Statistics 
---------------------------------------------------------------------------------
---------------------------------------------------------------------------------
Start RTL Hierarchical Component Statistics 
---------------------------------------------------------------------------------
Hierarchical RTL Component report 
Module pipe_mult 
Detailed RTL Component Info : 
+---Registers : 
	                2 Bit    Registers := 1     
	                1 Bit    Registers := 1     
+---Muxes : 
	   4 Input      2 Bit        Muxes := 1     
	   4 Input      1 Bit        Muxes := 1     
Module DFF 
Detailed RTL Component Info : 
+---Registers : 
	                1 Bit    Registers := 1     
Module pe 
Detailed RTL Component Info : 
+---XORs : 
	   3 Input      1 Bit         XORs := 1     
+---Registers : 
	                1 Bit    Registers := 3     
---------------------------------------------------------------------------------
Finished RTL Hierarchical Component Statistics
---------------------------------------------------------------------------------
---------------------------------------------------------------------------------
Start Part Resource Summary
---------------------------------------------------------------------------------
Part Resources:
DSPs: 120 (col length:60)
BRAMs: 150 (col length: RAMB18 60 RAMB36 30)
---------------------------------------------------------------------------------
Finished Part Resource Summary
---------------------------------------------------------------------------------
Start Parallel Synthesis Optimization  : Time (s): cpu = 00:00:11 ; elapsed = 00:00:12 . Memory (MB): peak = 554.156 ; gain = 385.563
---------------------------------------------------------------------------------
Start Cross Boundary Optimization
---------------------------------------------------------------------------------
---------------------------------------------------------------------------------
Finished Cross Boundary Optimization : Time (s): cpu = 00:00:11 ; elapsed = 00:00:12 . Memory (MB): peak = 554.156 ; gain = 385.563
---------------------------------------------------------------------------------
Finished Parallel Reinference  : Time (s): cpu = 00:00:11 ; elapsed = 00:00:12 . Memory (MB): peak = 554.156 ; gain = 385.563

Report RTL Partitions: 
+-+--------------+------------+----------+
| |RTL Partition |Replication |Instances |
+-+--------------+------------+----------+
+-+--------------+------------+----------+
---------------------------------------------------------------------------------
Start RAM, DSP and Shift Register Reporting
---------------------------------------------------------------------------------
---------------------------------------------------------------------------------
Finished RAM, DSP and Shift Register Reporting
---------------------------------------------------------------------------------
---------------------------------------------------------------------------------
Start Area Optimization
---------------------------------------------------------------------------------
---------------------------------------------------------------------------------
Finished Area Optimization : Time (s): cpu = 00:00:11 ; elapsed = 00:00:12 . Memory (MB): peak = 554.156 ; gain = 385.563
---------------------------------------------------------------------------------
---------------------------------------------------------------------------------
Finished Area Optimization : Time (s): cpu = 00:00:11 ; elapsed = 00:00:12 . Memory (MB): peak = 554.156 ; gain = 385.563
---------------------------------------------------------------------------------
Finished Parallel Area Optimization  : Time (s): cpu = 00:00:11 ; elapsed = 00:00:12 . Memory (MB): peak = 554.156 ; gain = 385.563

Report RTL Partitions: 
+-+--------------+------------+----------+
| |RTL Partition |Replication |Instances |
+-+--------------+------------+----------+
+-+--------------+------------+----------+
Finished Parallel Synthesis Optimization  : Time (s): cpu = 00:00:11 ; elapsed = 00:00:12 . Memory (MB): peak = 554.156 ; gain = 385.563
---------------------------------------------------------------------------------
Start Timing Optimization
---------------------------------------------------------------------------------
---------------------------------------------------------------------------------
Start Applying XDC Timing Constraints
---------------------------------------------------------------------------------
---------------------------------------------------------------------------------
Finished Applying XDC Timing Constraints : Time (s): cpu = 00:00:22 ; elapsed = 00:00:23 . Memory (MB): peak = 554.156 ; gain = 385.563
---------------------------------------------------------------------------------
---------------------------------------------------------------------------------
Finished Timing Optimization : Time (s): cpu = 00:00:22 ; elapsed = 00:00:23 . Memory (MB): peak = 554.156 ; gain = 385.563
---------------------------------------------------------------------------------

Report RTL Partitions: 
+-+--------------+------------+----------+
| |RTL Partition |Replication |Instances |
+-+--------------+------------+----------+
+-+--------------+------------+----------+
---------------------------------------------------------------------------------
Start Technology Mapping
---------------------------------------------------------------------------------
---------------------------------------------------------------------------------
Finished Technology Mapping : Time (s): cpu = 00:00:22 ; elapsed = 00:00:23 . Memory (MB): peak = 554.156 ; gain = 385.563
---------------------------------------------------------------------------------

Report RTL Partitions: 
+-+--------------+------------+----------+
| |RTL Partition |Replication |Instances |
+-+--------------+------------+----------+
+-+--------------+------------+----------+
---------------------------------------------------------------------------------
Start IO Insertion
---------------------------------------------------------------------------------
---------------------------------------------------------------------------------
Start Flattening Before IO Insertion
---------------------------------------------------------------------------------
---------------------------------------------------------------------------------
Finished Flattening Before IO Insertion
---------------------------------------------------------------------------------
---------------------------------------------------------------------------------
Start Final Netlist Cleanup
---------------------------------------------------------------------------------
---------------------------------------------------------------------------------
Finished Final Netlist Cleanup
---------------------------------------------------------------------------------
---------------------------------------------------------------------------------
Finished IO Insertion : Time (s): cpu = 00:00:22 ; elapsed = 00:00:23 . Memory (MB): peak = 554.156 ; gain = 385.563
---------------------------------------------------------------------------------

Report Check Netlist: 
+------+------------------+-------+---------+-------+------------------+
|      |Item              |Errors |Warnings |Status |Description       |
+------+------------------+-------+---------+-------+------------------+
|1     |multi_driven_nets |      0|        0|Passed |Multi driven nets |
+------+------------------+-------+---------+-------+------------------+
---------------------------------------------------------------------------------
Start Renaming Generated Instances
---------------------------------------------------------------------------------
---------------------------------------------------------------------------------
Finished Renaming Generated Instances : Time (s): cpu = 00:00:22 ; elapsed = 00:00:23 . Memory (MB): peak = 554.156 ; gain = 385.563
---------------------------------------------------------------------------------

Report RTL Partitions: 
+-+--------------+------------+----------+
| |RTL Partition |Replication |Instances |
+-+--------------+------------+----------+
+-+--------------+------------+----------+
---------------------------------------------------------------------------------
Start Rebuilding User Hierarchy
---------------------------------------------------------------------------------
---------------------------------------------------------------------------------
Finished Rebuilding User Hierarchy : Time (s): cpu = 00:00:22 ; elapsed = 00:00:23 . Memory (MB): peak = 554.156 ; gain = 385.563
---------------------------------------------------------------------------------
---------------------------------------------------------------------------------
Start RAM, DSP and Shift Register Reporting
---------------------------------------------------------------------------------
---------------------------------------------------------------------------------
Finished RAM, DSP and Shift Register Reporting
---------------------------------------------------------------------------------
---------------------------------------------------------------------------------
Start Writing Synthesis Report
---------------------------------------------------------------------------------

Report BlackBoxes: 
+-+--------------+----------+
| |BlackBox name |Instances |
+-+--------------+----------+
+-+--------------+----------+

Report Cell Usage: 
+------+-----+------+
|      |Cell |Count |
+------+-----+------+
|1     |BUFG |     1|
|2     |LUT3 |     3|
|3     |LUT4 |     7|
|4     |LUT5 |     1|
|5     |FDRE |    15|
|6     |IBUF |     9|
|7     |OBUF |     1|
+------+-----+------+

Report Instance Areas: 
+------+------------------+-------+------+
|      |Instance          |Module |Cells |
+------+------------------+-------+------+
|1     |top               |       |    37|
|2     |  D               |DFF    |     1|
|3     |  \g1[0].g2.cell  |pe     |     5|
|4     |  \g1[1].g3.cell  |pe_0   |     7|
|5     |  \g1[2].g3.cell  |pe_1   |     5|
|6     |  \g1[3].g4.cell  |pe_2   |     2|
+------+------------------+-------+------+
---------------------------------------------------------------------------------
Finished Writing Synthesis Report : Time (s): cpu = 00:00:22 ; elapsed = 00:00:23 . Memory (MB): peak = 554.156 ; gain = 385.563
---------------------------------------------------------------------------------
Synthesis finished with 0 errors, 0 critical warnings and 0 warnings.
Synthesis Optimization Runtime : Time (s): cpu = 00:00:00 ; elapsed = 00:00:18 . Memory (MB): peak = 554.156 ; gain = 82.273
Synthesis Optimization Complete : Time (s): cpu = 00:00:22 ; elapsed = 00:00:23 . Memory (MB): peak = 554.156 ; gain = 385.563
INFO: [Project 1-571] Translating synthesized netlist
INFO: [Netlist 29-17] Analyzing 9 Unisim elements for replacement
INFO: [Netlist 29-28] Unisim Transformation completed in 0 CPU seconds
INFO: [Project 1-570] Preparing netlist for logic optimization
INFO: [Opt 31-140] Inserted 0 IBUFs to IO ports without IO buffers.
INFO: [Opt 31-141] Inserted 0 OBUFs to IO ports without IO buffers.
INFO: [Opt 31-138] Pushed 0 inverter(s) to 0 load pin(s).
INFO: [Project 1-111] Unisim Transformation Summary:
No Unisim elements were transformed.

INFO: [Common 17-83] Releasing license: Synthesis
24 Infos, 0 Warnings, 0 Critical Warnings and 0 Errors encountered.
synth_design completed successfully
synth_design: Time (s): cpu = 00:00:22 ; elapsed = 00:00:22 . Memory (MB): peak = 554.156 ; gain = 364.078
# write_checkpoint -noxdef pipe_mult.dcp
# catch { report_utilization -file pipe_mult_utilization_synth.rpt -pb pipe_mult_utilization_synth.pb }
report_utilization: Time (s): cpu = 00:00:00 ; elapsed = 00:00:00.049 . Memory (MB): peak = 554.156 ; gain = 0.000
INFO: [Common 17-206] Exiting Vivado at Tue May 12 16:30:45 2015...
