
*** Running vivado
    with args -log c_accum_0.vds -m64 -mode batch -messageDb vivado.pb -source c_accum_0.tcl


****** Vivado v2014.4 (64-bit)
  **** SW Build 1071353 on Tue Nov 18 18:29:27 MST 2014
  **** IP Build 1070531 on Tue Nov 18 01:10:18 MST 2014
    ** Copyright 1986-2014 Xilinx, Inc. All Rights Reserved.

source c_accum_0.tcl
# set_param gui.test TreeTableDev
# set_param xicom.use_bs_reader 1
# debug::add_scope template.lib 1
# set_msg_config -id {HDL 9-1061} -limit 100000
# set_msg_config -id {HDL 9-1654} -limit 100000
# create_project -in_memory -part xc7a35tcpg236-1
# set_param project.compositeFile.enableAutoGeneration 0
# set_param synth.vivado.isSynthRun true
# set_msg_config -id {IP_Flow 19-2162} -severity warning -new_severity info
# set_property webtalk.parent_dir C:/Users/lc599.DREXEL/Desktop/Accumulator/Accumulator.cache/wt [current_project]
# set_property parent.project_path C:/Users/lc599.DREXEL/Desktop/Accumulator/Accumulator.xpr [current_project]
# set_property default_lib xil_defaultlib [current_project]
# set_property target_language Verilog [current_project]
# read_ip c:/Users/lc599.DREXEL/Desktop/Accumulator/Accumulator.srcs/sources_1/ip/c_accum_0/c_accum_0.xci
INFO: [IP_Flow 19-234] Refreshing IP repositories
INFO: [IP_Flow 19-1704] No user IP repositories specified
INFO: [IP_Flow 19-2313] Loaded Vivado IP repository 'C:/Xilinx/Vivado/2014.4/data/ip'.
WARNING: [IP_Flow 19-3664] IP 'c_accum_0' generated file not found 'c:/Users/lc599.DREXEL/Desktop/Accumulator/Accumulator.srcs/sources_1/ip/c_accum_0/c_accum_0.dcp'. Please regenerate to continue.
WARNING: [IP_Flow 19-3664] IP 'c_accum_0' generated file not found 'c:/Users/lc599.DREXEL/Desktop/Accumulator/Accumulator.srcs/sources_1/ip/c_accum_0/c_accum_0_stub.v'. Please regenerate to continue.
WARNING: [IP_Flow 19-3664] IP 'c_accum_0' generated file not found 'c:/Users/lc599.DREXEL/Desktop/Accumulator/Accumulator.srcs/sources_1/ip/c_accum_0/c_accum_0_stub.vhdl'. Please regenerate to continue.
WARNING: [IP_Flow 19-3664] IP 'c_accum_0' generated file not found 'c:/Users/lc599.DREXEL/Desktop/Accumulator/Accumulator.srcs/sources_1/ip/c_accum_0/c_accum_0_funcsim.v'. Please regenerate to continue.
WARNING: [IP_Flow 19-3664] IP 'c_accum_0' generated file not found 'c:/Users/lc599.DREXEL/Desktop/Accumulator/Accumulator.srcs/sources_1/ip/c_accum_0/c_accum_0_funcsim.vhdl'. Please regenerate to continue.
# set_property used_in_implementation false [get_files -all c:/Users/lc599.DREXEL/Desktop/Accumulator/Accumulator.srcs/sources_1/ip/c_accum_0/c_accum_0.dcp]
# set_property is_locked true [get_files c:/Users/lc599.DREXEL/Desktop/Accumulator/Accumulator.srcs/sources_1/ip/c_accum_0/c_accum_0.xci]
# read_xdc dont_touch.xdc
# set_property used_in_implementation false [get_files dont_touch.xdc]
# catch { write_hwdef -file c_accum_0.hwdef }
INFO: [Vivado_Tcl 4-279] hardware handoff file cannot be generated as there is no block diagram instance in the design
# synth_design -top c_accum_0 -part xc7a35tcpg236-1 -mode out_of_context
Command: synth_design -top c_accum_0 -part xc7a35tcpg236-1 -mode out_of_context
Starting synth_design
Attempting to get a license for feature 'Synthesis' and/or device 'xc7a35t'
INFO: [Common 17-349] Got license for feature 'Synthesis' and/or device 'xc7a35t'
INFO: [Common 17-1223] The version limit for your license is '2014.11' and will expire in -178 days. A version limit expiration means that, although you may be able to continue to use the current version of tools or IP with this license, you will not be eligible for any updates or new releases.
---------------------------------------------------------------------------------
Starting RTL Elaboration : Time (s): cpu = 00:00:12 ; elapsed = 00:00:12 . Memory (MB): peak = 251.148 ; gain = 83.434
---------------------------------------------------------------------------------
INFO: [Synth 8-638] synthesizing module 'c_accum_0' [c:/Users/lc599.DREXEL/Desktop/Accumulator/Accumulator.srcs/sources_1/ip/c_accum_0/synth/c_accum_0.vhd:68]
INFO: [Synth 8-3491] module 'c_accum_v12_0' declared at 'c:/Users/lc599.DREXEL/Desktop/Accumulator/Accumulator.srcs/sources_1/ip/c_accum_0/c_accum_v12_0/hdl/c_accum_v12_0.vhd:106' bound to instance 'U0' of component 'c_accum_v12_0' [c:/Users/lc599.DREXEL/Desktop/Accumulator/Accumulator.srcs/sources_1/ip/c_accum_0/synth/c_accum_0.vhd:120]
INFO: [Synth 8-638] synthesizing module 'c_accum_v12_0__parameterized0' [c:/Users/lc599.DREXEL/Desktop/Accumulator/Accumulator.srcs/sources_1/ip/c_accum_0/c_accum_v12_0/hdl/c_accum_v12_0.vhd:146]
INFO: [Synth 8-3491] module 'c_accum_v12_0_viv' declared at 'c:/Users/lc599.DREXEL/Desktop/Accumulator/Accumulator.srcs/sources_1/ip/c_accum_0/c_accum_v12_0/hdl/c_accum_v12_0_vh_rfs.vhd:1958' bound to instance 'i_synth' of component 'c_accum_v12_0_viv' [c:/Users/lc599.DREXEL/Desktop/Accumulator/Accumulator.srcs/sources_1/ip/c_accum_0/c_accum_v12_0/hdl/c_accum_v12_0.vhd:152]
INFO: [Synth 8-638] synthesizing module 'c_accum_v12_0_viv__parameterized0' [c:/Users/lc599.DREXEL/Desktop/Accumulator/Accumulator.srcs/sources_1/ip/c_accum_0/c_accum_v12_0/hdl/c_accum_v12_0_vh_rfs.vhd:2012]
INFO: [Synth 8-638] synthesizing module 'c_accum_v12_0_legacy' [c:/Users/lc599.DREXEL/Desktop/Accumulator/Accumulator.srcs/sources_1/ip/c_accum_0/c_accum_v12_0/hdl/c_accum_v12_0_vh_rfs.vhd:1736]
INFO: [Synth 8-638] synthesizing module 'c_accum_v12_0_fabric_legacy' [c:/Users/lc599.DREXEL/Desktop/Accumulator/Accumulator.srcs/sources_1/ip/c_accum_0/c_accum_v12_0/hdl/c_accum_v12_0_vh_rfs.vhd:1231]
INFO: [Synth 8-3491] module 'c_addsub_v12_0_legacy' declared at 'c:/Users/lc599.DREXEL/Desktop/Accumulator/Accumulator.srcs/sources_1/ip/c_accum_0/c_addsub_v12_0/hdl/c_addsub_v12_0_vh_rfs.vhd:5532' bound to instance 'the_addsub' of component 'c_addsub_v12_0_legacy' [c:/Users/lc599.DREXEL/Desktop/Accumulator/Accumulator.srcs/sources_1/ip/c_accum_0/c_accum_v12_0/hdl/c_accum_v12_0_vh_rfs.vhd:1498]
INFO: [Synth 8-638] synthesizing module 'c_addsub_v12_0_legacy__parameterized0' [c:/Users/lc599.DREXEL/Desktop/Accumulator/Accumulator.srcs/sources_1/ip/c_accum_0/c_addsub_v12_0/hdl/c_addsub_v12_0_vh_rfs.vhd:5608]
INFO: [Synth 8-3491] module 'c_addsub_v12_0_fabric_legacy' declared at 'c:/Users/lc599.DREXEL/Desktop/Accumulator/Accumulator.srcs/sources_1/ip/c_accum_0/c_addsub_v12_0/hdl/c_addsub_v12_0_vh_rfs.vhd:5268' bound to instance 'the_addsub' of component 'c_addsub_v12_0_fabric_legacy' [c:/Users/lc599.DREXEL/Desktop/Accumulator/Accumulator.srcs/sources_1/ip/c_accum_0/c_addsub_v12_0/hdl/c_addsub_v12_0_vh_rfs.vhd:5899]
INFO: [Synth 8-638] synthesizing module 'c_addsub_v12_0_fabric_legacy__parameterized0' [c:/Users/lc599.DREXEL/Desktop/Accumulator/Accumulator.srcs/sources_1/ip/c_accum_0/c_addsub_v12_0/hdl/c_addsub_v12_0_vh_rfs.vhd:5320]
INFO: [Synth 8-3491] module 'c_addsub_v12_0_lut6_legacy' declared at 'c:/Users/lc599.DREXEL/Desktop/Accumulator/Accumulator.srcs/sources_1/ip/c_accum_0/c_addsub_v12_0/hdl/c_addsub_v12_0_vh_rfs.vhd:2281' bound to instance 'i_lut6_addsub' of component 'c_addsub_v12_0_lut6_legacy' [c:/Users/lc599.DREXEL/Desktop/Accumulator/Accumulator.srcs/sources_1/ip/c_accum_0/c_addsub_v12_0/hdl/c_addsub_v12_0_vh_rfs.vhd:5337]
INFO: [Synth 8-638] synthesizing module 'c_addsub_v12_0_lut6_legacy__parameterized0' [c:/Users/lc599.DREXEL/Desktop/Accumulator/Accumulator.srcs/sources_1/ip/c_accum_0/c_addsub_v12_0/hdl/c_addsub_v12_0_vh_rfs.vhd:2333]
INFO: [Synth 8-3491] module 'c_reg_fd_v12_0_viv' declared at 'c:/Users/lc599.DREXEL/Desktop/Accumulator/Accumulator.srcs/sources_1/ip/c_accum_0/c_reg_fd_v12_0/hdl/c_reg_fd_v12_0_vh_rfs.vhd:321' bound to instance 'qreg' of component 'c_reg_fd_v12_0_viv' [c:/Users/lc599.DREXEL/Desktop/Accumulator/Accumulator.srcs/sources_1/ip/c_accum_0/c_addsub_v12_0/hdl/c_addsub_v12_0_vh_rfs.vhd:2930]
INFO: [Synth 8-638] synthesizing module 'c_reg_fd_v12_0_viv__parameterized0' [c:/Users/lc599.DREXEL/Desktop/Accumulator/Accumulator.srcs/sources_1/ip/c_accum_0/c_reg_fd_v12_0/hdl/c_reg_fd_v12_0_vh_rfs.vhd:351]
INFO: [Synth 8-256] done synthesizing module 'c_reg_fd_v12_0_viv__parameterized0' (1#1) [c:/Users/lc599.DREXEL/Desktop/Accumulator/Accumulator.srcs/sources_1/ip/c_accum_0/c_reg_fd_v12_0/hdl/c_reg_fd_v12_0_vh_rfs.vhd:351]
INFO: [Synth 8-113] binding component instance 'carrymux0' to cell 'MUXCY' [c:/Users/lc599.DREXEL/Desktop/Accumulator/Accumulator.srcs/sources_1/ip/c_accum_0/c_addsub_v12_0/hdl/c_addsub_v12_0_vh_rfs.vhd:3254]
INFO: [Synth 8-113] binding component instance 'carryxor0' to cell 'XORCY' [c:/Users/lc599.DREXEL/Desktop/Accumulator/Accumulator.srcs/sources_1/ip/c_accum_0/c_addsub_v12_0/hdl/c_addsub_v12_0_vh_rfs.vhd:3262]
INFO: [Synth 8-113] binding component instance 'carryxortop' to cell 'XORCY' [c:/Users/lc599.DREXEL/Desktop/Accumulator/Accumulator.srcs/sources_1/ip/c_accum_0/c_addsub_v12_0/hdl/c_addsub_v12_0_vh_rfs.vhd:3274]
INFO: [Synth 8-113] binding component instance 'carrymux' to cell 'MUXCY' [c:/Users/lc599.DREXEL/Desktop/Accumulator/Accumulator.srcs/sources_1/ip/c_accum_0/c_addsub_v12_0/hdl/c_addsub_v12_0_vh_rfs.vhd:3296]
INFO: [Synth 8-113] binding component instance 'carryxor' to cell 'XORCY' [c:/Users/lc599.DREXEL/Desktop/Accumulator/Accumulator.srcs/sources_1/ip/c_accum_0/c_addsub_v12_0/hdl/c_addsub_v12_0_vh_rfs.vhd:3304]
INFO: [Synth 8-113] binding component instance 'carrymux' to cell 'MUXCY' [c:/Users/lc599.DREXEL/Desktop/Accumulator/Accumulator.srcs/sources_1/ip/c_accum_0/c_addsub_v12_0/hdl/c_addsub_v12_0_vh_rfs.vhd:3296]
INFO: [Synth 8-113] binding component instance 'carryxor' to cell 'XORCY' [c:/Users/lc599.DREXEL/Desktop/Accumulator/Accumulator.srcs/sources_1/ip/c_accum_0/c_addsub_v12_0/hdl/c_addsub_v12_0_vh_rfs.vhd:3304]
INFO: [Synth 8-113] binding component instance 'carrymux' to cell 'MUXCY' [c:/Users/lc599.DREXEL/Desktop/Accumulator/Accumulator.srcs/sources_1/ip/c_accum_0/c_addsub_v12_0/hdl/c_addsub_v12_0_vh_rfs.vhd:3296]
INFO: [Synth 8-113] binding component instance 'carryxor' to cell 'XORCY' [c:/Users/lc599.DREXEL/Desktop/Accumulator/Accumulator.srcs/sources_1/ip/c_accum_0/c_addsub_v12_0/hdl/c_addsub_v12_0_vh_rfs.vhd:3304]
INFO: [Synth 8-113] binding component instance 'carrymux' to cell 'MUXCY' [c:/Users/lc599.DREXEL/Desktop/Accumulator/Accumulator.srcs/sources_1/ip/c_accum_0/c_addsub_v12_0/hdl/c_addsub_v12_0_vh_rfs.vhd:3296]
INFO: [Synth 8-113] binding component instance 'carryxor' to cell 'XORCY' [c:/Users/lc599.DREXEL/Desktop/Accumulator/Accumulator.srcs/sources_1/ip/c_accum_0/c_addsub_v12_0/hdl/c_addsub_v12_0_vh_rfs.vhd:3304]
INFO: [Synth 8-113] binding component instance 'carrymux' to cell 'MUXCY' [c:/Users/lc599.DREXEL/Desktop/Accumulator/Accumulator.srcs/sources_1/ip/c_accum_0/c_addsub_v12_0/hdl/c_addsub_v12_0_vh_rfs.vhd:3296]
INFO: [Synth 8-113] binding component instance 'carryxor' to cell 'XORCY' [c:/Users/lc599.DREXEL/Desktop/Accumulator/Accumulator.srcs/sources_1/ip/c_accum_0/c_addsub_v12_0/hdl/c_addsub_v12_0_vh_rfs.vhd:3304]
INFO: [Synth 8-113] binding component instance 'carrymux' to cell 'MUXCY' [c:/Users/lc599.DREXEL/Desktop/Accumulator/Accumulator.srcs/sources_1/ip/c_accum_0/c_addsub_v12_0/hdl/c_addsub_v12_0_vh_rfs.vhd:3296]
INFO: [Synth 8-113] binding component instance 'carryxor' to cell 'XORCY' [c:/Users/lc599.DREXEL/Desktop/Accumulator/Accumulator.srcs/sources_1/ip/c_accum_0/c_addsub_v12_0/hdl/c_addsub_v12_0_vh_rfs.vhd:3304]
INFO: [Synth 8-256] done synthesizing module 'c_addsub_v12_0_lut6_legacy__parameterized0' (2#1) [c:/Users/lc599.DREXEL/Desktop/Accumulator/Accumulator.srcs/sources_1/ip/c_accum_0/c_addsub_v12_0/hdl/c_addsub_v12_0_vh_rfs.vhd:2333]
INFO: [Synth 8-256] done synthesizing module 'c_addsub_v12_0_fabric_legacy__parameterized0' (3#1) [c:/Users/lc599.DREXEL/Desktop/Accumulator/Accumulator.srcs/sources_1/ip/c_accum_0/c_addsub_v12_0/hdl/c_addsub_v12_0_vh_rfs.vhd:5320]
INFO: [Synth 8-256] done synthesizing module 'c_addsub_v12_0_legacy__parameterized0' (4#1) [c:/Users/lc599.DREXEL/Desktop/Accumulator/Accumulator.srcs/sources_1/ip/c_accum_0/c_addsub_v12_0/hdl/c_addsub_v12_0_vh_rfs.vhd:5608]
INFO: [Synth 8-256] done synthesizing module 'c_accum_v12_0_fabric_legacy' (5#1) [c:/Users/lc599.DREXEL/Desktop/Accumulator/Accumulator.srcs/sources_1/ip/c_accum_0/c_accum_v12_0/hdl/c_accum_v12_0_vh_rfs.vhd:1231]
INFO: [Synth 8-256] done synthesizing module 'c_accum_v12_0_legacy' (6#1) [c:/Users/lc599.DREXEL/Desktop/Accumulator/Accumulator.srcs/sources_1/ip/c_accum_0/c_accum_v12_0/hdl/c_accum_v12_0_vh_rfs.vhd:1736]
INFO: [Synth 8-256] done synthesizing module 'c_accum_v12_0_viv__parameterized0' (7#1) [c:/Users/lc599.DREXEL/Desktop/Accumulator/Accumulator.srcs/sources_1/ip/c_accum_0/c_accum_v12_0/hdl/c_accum_v12_0_vh_rfs.vhd:2012]
INFO: [Synth 8-256] done synthesizing module 'c_accum_v12_0__parameterized0' (8#1) [c:/Users/lc599.DREXEL/Desktop/Accumulator/Accumulator.srcs/sources_1/ip/c_accum_0/c_accum_v12_0/hdl/c_accum_v12_0.vhd:146]
INFO: [Synth 8-256] done synthesizing module 'c_accum_0' (9#1) [c:/Users/lc599.DREXEL/Desktop/Accumulator/Accumulator.srcs/sources_1/ip/c_accum_0/synth/c_accum_0.vhd:68]
---------------------------------------------------------------------------------
Finished RTL Elaboration : Time (s): cpu = 00:00:19 ; elapsed = 00:00:20 . Memory (MB): peak = 291.012 ; gain = 123.297
---------------------------------------------------------------------------------

Report Check Netlist: 
+------+------------------+-------+---------+-------+------------------+
|      |Item              |Errors |Warnings |Status |Description       |
+------+------------------+-------+---------+-------+------------------+
|1     |multi_driven_nets |      0|        0|Passed |Multi driven nets |
+------+------------------+-------+---------+-------+------------------+
---------------------------------------------------------------------------------
Finished RTL Optimization Phase 1 : Time (s): cpu = 00:00:19 ; elapsed = 00:00:20 . Memory (MB): peak = 291.012 ; gain = 123.297
---------------------------------------------------------------------------------
INFO: [Netlist 29-17] Analyzing 8 Unisim elements for replacement
INFO: [Netlist 29-28] Unisim Transformation completed in 0 CPU seconds
Loading clock regions from C:/Xilinx/Vivado/2014.4/data\parts/xilinx/artix7/artix7/xc7a35t/ClockRegion.xml
Loading clock buffers from C:/Xilinx/Vivado/2014.4/data\parts/xilinx/artix7/artix7/xc7a35t/ClockBuffers.xml
Loading clock placement rules from C:/Xilinx/Vivado/2014.4/data/parts/xilinx/artix7/ClockPlacerRules.xml
Loading package pin functions from C:/Xilinx/Vivado/2014.4/data\parts/xilinx/artix7/PinFunctions.xml...
Loading package from C:/Xilinx/Vivado/2014.4/data\parts/xilinx/artix7/artix7/xc7a35t/cpg236/Package.xml
Loading io standards from C:/Xilinx/Vivado/2014.4/data\./parts/xilinx/artix7/IOStandards.xml
Loading device configuration modes from C:/Xilinx/Vivado/2014.4/data\parts/xilinx/artix7/ConfigModes.xml
INFO: [Project 1-570] Preparing netlist for logic optimization

Processing XDC Constraints
Initializing timing engine
Parsing XDC File [c:/Users/lc599.DREXEL/Desktop/Accumulator/Accumulator.srcs/sources_1/ip/c_accum_0/c_accum_0_ooc.xdc] for cell 'U0'
Finished Parsing XDC File [c:/Users/lc599.DREXEL/Desktop/Accumulator/Accumulator.srcs/sources_1/ip/c_accum_0/c_accum_0_ooc.xdc] for cell 'U0'
Parsing XDC File [C:/Users/lc599.DREXEL/Desktop/Accumulator/Accumulator.runs/c_accum_0_synth_1/dont_touch.xdc]
Finished Parsing XDC File [C:/Users/lc599.DREXEL/Desktop/Accumulator/Accumulator.runs/c_accum_0_synth_1/dont_touch.xdc]
Completed Processing XDC Constraints

INFO: [Project 1-111] Unisim Transformation Summary:
No Unisim elements were transformed.

Constraint Validation Runtime : Time (s): cpu = 00:00:00 ; elapsed = 00:00:00.003 . Memory (MB): peak = 542.641 ; gain = 0.000
---------------------------------------------------------------------------------
Finished Constraint Validation : Time (s): cpu = 00:00:27 ; elapsed = 00:00:28 . Memory (MB): peak = 542.641 ; gain = 374.926
---------------------------------------------------------------------------------
---------------------------------------------------------------------------------
Start Loading Part and Timing Information
---------------------------------------------------------------------------------
Loading part: xc7a35tcpg236-1
---------------------------------------------------------------------------------
Finished Loading Part and Timing Information : Time (s): cpu = 00:00:27 ; elapsed = 00:00:28 . Memory (MB): peak = 542.641 ; gain = 374.926
---------------------------------------------------------------------------------
---------------------------------------------------------------------------------
Start Applying 'set_property' XDC Constraints
---------------------------------------------------------------------------------
Applied set_property DONT_TOUCH = true for U0. (constraint file  C:/Users/lc599.DREXEL/Desktop/Accumulator/Accumulator.runs/c_accum_0_synth_1/dont_touch.xdc, line 9).
---------------------------------------------------------------------------------
Finished applying 'set_property' XDC Constraints : Time (s): cpu = 00:00:27 ; elapsed = 00:00:28 . Memory (MB): peak = 542.641 ; gain = 374.926
---------------------------------------------------------------------------------
---------------------------------------------------------------------------------
Finished RTL Optimization Phase 2 : Time (s): cpu = 00:00:27 ; elapsed = 00:00:28 . Memory (MB): peak = 542.641 ; gain = 374.926
---------------------------------------------------------------------------------

Report RTL Partitions: 
+-+--------------+------------+----------+
| |RTL Partition |Replication |Instances |
+-+--------------+------------+----------+
+-+--------------+------------+----------+
---------------------------------------------------------------------------------
Start RTL Component Statistics 
---------------------------------------------------------------------------------
---------------------------------------------------------------------------------
Finished RTL Component Statistics 
---------------------------------------------------------------------------------
---------------------------------------------------------------------------------
Start RTL Hierarchical Component Statistics 
---------------------------------------------------------------------------------
---------------------------------------------------------------------------------
Finished RTL Hierarchical Component Statistics
---------------------------------------------------------------------------------
---------------------------------------------------------------------------------
Start Part Resource Summary
---------------------------------------------------------------------------------
Part Resources:
DSPs: 120 (col length:60)
BRAMs: 150 (col length: RAMB18 60 RAMB36 30)
---------------------------------------------------------------------------------
Finished Part Resource Summary
---------------------------------------------------------------------------------
Start Parallel Synthesis Optimization  : Time (s): cpu = 00:00:27 ; elapsed = 00:00:29 . Memory (MB): peak = 542.641 ; gain = 374.926
---------------------------------------------------------------------------------
Start Cross Boundary Optimization
---------------------------------------------------------------------------------
---------------------------------------------------------------------------------
Finished Cross Boundary Optimization : Time (s): cpu = 00:00:27 ; elapsed = 00:00:29 . Memory (MB): peak = 542.641 ; gain = 374.926
---------------------------------------------------------------------------------
Finished Parallel Reinference  : Time (s): cpu = 00:00:27 ; elapsed = 00:00:29 . Memory (MB): peak = 542.641 ; gain = 374.926

Report RTL Partitions: 
+-+--------------+------------+----------+
| |RTL Partition |Replication |Instances |
+-+--------------+------------+----------+
+-+--------------+------------+----------+
---------------------------------------------------------------------------------
Start Area Optimization
---------------------------------------------------------------------------------
---------------------------------------------------------------------------------
Finished Area Optimization : Time (s): cpu = 00:00:27 ; elapsed = 00:00:29 . Memory (MB): peak = 542.641 ; gain = 374.926
---------------------------------------------------------------------------------
---------------------------------------------------------------------------------
Finished Area Optimization : Time (s): cpu = 00:00:27 ; elapsed = 00:00:29 . Memory (MB): peak = 542.641 ; gain = 374.926
---------------------------------------------------------------------------------
Finished Parallel Area Optimization  : Time (s): cpu = 00:00:27 ; elapsed = 00:00:29 . Memory (MB): peak = 542.641 ; gain = 374.926

Report RTL Partitions: 
+-+--------------+------------+----------+
| |RTL Partition |Replication |Instances |
+-+--------------+------------+----------+
+-+--------------+------------+----------+
Finished Parallel Synthesis Optimization  : Time (s): cpu = 00:00:27 ; elapsed = 00:00:29 . Memory (MB): peak = 542.641 ; gain = 374.926
---------------------------------------------------------------------------------
Start Timing Optimization
---------------------------------------------------------------------------------
---------------------------------------------------------------------------------
Start Applying XDC Timing Constraints
---------------------------------------------------------------------------------
---------------------------------------------------------------------------------
Finished Applying XDC Timing Constraints : Time (s): cpu = 00:00:40 ; elapsed = 00:00:41 . Memory (MB): peak = 548.008 ; gain = 380.293
---------------------------------------------------------------------------------
---------------------------------------------------------------------------------
Finished Timing Optimization : Time (s): cpu = 00:00:40 ; elapsed = 00:00:41 . Memory (MB): peak = 548.008 ; gain = 380.293
---------------------------------------------------------------------------------

Report RTL Partitions: 
+-+--------------+------------+----------+
| |RTL Partition |Replication |Instances |
+-+--------------+------------+----------+
+-+--------------+------------+----------+
---------------------------------------------------------------------------------
Start Technology Mapping
---------------------------------------------------------------------------------
---------------------------------------------------------------------------------
Finished Technology Mapping : Time (s): cpu = 00:00:40 ; elapsed = 00:00:41 . Memory (MB): peak = 558.590 ; gain = 390.875
---------------------------------------------------------------------------------

Report RTL Partitions: 
+-+--------------+------------+----------+
| |RTL Partition |Replication |Instances |
+-+--------------+------------+----------+
+-+--------------+------------+----------+
---------------------------------------------------------------------------------
Start IO Insertion
---------------------------------------------------------------------------------
---------------------------------------------------------------------------------
Start Flattening Before IO Insertion
---------------------------------------------------------------------------------
---------------------------------------------------------------------------------
Finished Flattening Before IO Insertion
---------------------------------------------------------------------------------
---------------------------------------------------------------------------------
Start Final Netlist Cleanup
---------------------------------------------------------------------------------
---------------------------------------------------------------------------------
Finished Final Netlist Cleanup
---------------------------------------------------------------------------------
---------------------------------------------------------------------------------
Finished IO Insertion : Time (s): cpu = 00:00:40 ; elapsed = 00:00:42 . Memory (MB): peak = 558.590 ; gain = 390.875
---------------------------------------------------------------------------------

Report Check Netlist: 
+------+------------------+-------+---------+-------+------------------+
|      |Item              |Errors |Warnings |Status |Description       |
+------+------------------+-------+---------+-------+------------------+
|1     |multi_driven_nets |      0|        0|Passed |Multi driven nets |
+------+------------------+-------+---------+-------+------------------+
---------------------------------------------------------------------------------
Start Renaming Generated Instances
---------------------------------------------------------------------------------
---------------------------------------------------------------------------------
Finished Renaming Generated Instances : Time (s): cpu = 00:00:40 ; elapsed = 00:00:42 . Memory (MB): peak = 558.590 ; gain = 390.875
---------------------------------------------------------------------------------

Report RTL Partitions: 
+-+--------------+------------+----------+
| |RTL Partition |Replication |Instances |
+-+--------------+------------+----------+
+-+--------------+------------+----------+
---------------------------------------------------------------------------------
Start Rebuilding User Hierarchy
---------------------------------------------------------------------------------
---------------------------------------------------------------------------------
Finished Rebuilding User Hierarchy : Time (s): cpu = 00:00:40 ; elapsed = 00:00:42 . Memory (MB): peak = 558.590 ; gain = 390.875
---------------------------------------------------------------------------------
---------------------------------------------------------------------------------
Start Writing Synthesis Report
---------------------------------------------------------------------------------

Report BlackBoxes: 
+-+--------------+----------+
| |BlackBox name |Instances |
+-+--------------+----------+
+-+--------------+----------+

Report Cell Usage: 
+------+------+------+
|      |Cell  |Count |
+------+------+------+
|1     |LUT2  |     8|
|2     |MUXCY |     7|
|3     |XORCY |     8|
|4     |FDRE  |     8|
+------+------+------+
---------------------------------------------------------------------------------
Finished Writing Synthesis Report : Time (s): cpu = 00:00:40 ; elapsed = 00:00:42 . Memory (MB): peak = 558.590 ; gain = 390.875
---------------------------------------------------------------------------------
Synthesis finished with 0 errors, 0 critical warnings and 0 warnings.
Synthesis Optimization Runtime : Time (s): cpu = 00:00:00 ; elapsed = 00:00:34 . Memory (MB): peak = 558.590 ; gain = 103.672
Synthesis Optimization Complete : Time (s): cpu = 00:00:40 ; elapsed = 00:00:42 . Memory (MB): peak = 558.590 ; gain = 390.875
INFO: [Project 1-571] Translating synthesized netlist
INFO: [Netlist 29-17] Analyzing 8 Unisim elements for replacement
INFO: [Netlist 29-28] Unisim Transformation completed in 0 CPU seconds
INFO: [Project 1-570] Preparing netlist for logic optimization
Parsing XDC File [c:/Users/lc599.DREXEL/Desktop/Accumulator/Accumulator.srcs/sources_1/ip/c_accum_0/c_accum_0_ooc.xdc] for cell 'U0'
Finished Parsing XDC File [c:/Users/lc599.DREXEL/Desktop/Accumulator/Accumulator.srcs/sources_1/ip/c_accum_0/c_accum_0_ooc.xdc] for cell 'U0'
INFO: [Opt 31-138] Pushed 0 inverter(s) to 0 load pin(s).
INFO: [Project 1-111] Unisim Transformation Summary:
  A total of 2 instances were transformed.
  (MUXCY,XORCY) => CARRY4: 2 instances

INFO: [Common 17-83] Releasing license: Synthesis
52 Infos, 0 Warnings, 0 Critical Warnings and 0 Errors encountered.
synth_design completed successfully
synth_design: Time (s): cpu = 00:00:39 ; elapsed = 00:00:41 . Memory (MB): peak = 570.297 ; gain = 368.688
# rename_ref -prefix_all c_accum_0_
INFO: [Coretcl 2-1174] Renamed 8 cell refs.
# write_checkpoint -noxdef c_accum_0.dcp
# catch { report_utilization -file c_accum_0_utilization_synth.rpt -pb c_accum_0_utilization_synth.pb }
report_utilization: Time (s): cpu = 00:00:00 ; elapsed = 00:00:00.051 . Memory (MB): peak = 570.297 ; gain = 0.000
# if { [catch {
#   file copy -force C:/Users/lc599.DREXEL/Desktop/Accumulator/Accumulator.runs/c_accum_0_synth_1/c_accum_0.dcp c:/Users/lc599.DREXEL/Desktop/Accumulator/Accumulator.srcs/sources_1/ip/c_accum_0/c_accum_0.dcp
# } _RESULT ] } { 
#   error "ERROR: Unable to successfully create or copy the sub-design checkpoint file."
# }
# if { [catch {
#   write_verilog -force -mode synth_stub c:/Users/lc599.DREXEL/Desktop/Accumulator/Accumulator.srcs/sources_1/ip/c_accum_0/c_accum_0_stub.v
# } _RESULT ] } { 
#   puts "CRITICAL WARNING: Unable to successfully create a Verilog synthesis stub for the sub-design. This may lead to errors in top level synthesis of the design. Error reported: $_RESULT"
# }
# if { [catch {
#   write_vhdl -force -mode synth_stub c:/Users/lc599.DREXEL/Desktop/Accumulator/Accumulator.srcs/sources_1/ip/c_accum_0/c_accum_0_stub.vhdl
# } _RESULT ] } { 
#   puts "CRITICAL WARNING: Unable to successfully create a VHDL synthesis stub for the sub-design. This may lead to errors in top level synthesis of the design. Error reported: $_RESULT"
# }
# if { [catch {
#   write_verilog -force -mode funcsim c:/Users/lc599.DREXEL/Desktop/Accumulator/Accumulator.srcs/sources_1/ip/c_accum_0/c_accum_0_funcsim.v
# } _RESULT ] } { 
#   puts "CRITICAL WARNING: Unable to successfully create the Verilog functional simulation sub-design file. Post-Synthesis Functional Simulation with this file may not be possible or may give incorrect results. Error reported: $_RESULT"
# }
# if { [catch {
#   write_vhdl -force -mode funcsim c:/Users/lc599.DREXEL/Desktop/Accumulator/Accumulator.srcs/sources_1/ip/c_accum_0/c_accum_0_funcsim.vhdl
# } _RESULT ] } { 
#   puts "CRITICAL WARNING: Unable to successfully create the VHDL functional simulation sub-design file. Post-Synthesis Functional Simulation with this file may not be possible or may give incorrect results. Error reported: $_RESULT"
# }
INFO: [Common 17-206] Exiting Vivado at Wed May 27 14:25:52 2015...
