
*** Running vivado
    with args -log step_cascade_reg4.vds -m64 -mode batch -messageDb vivado.pb -source step_cascade_reg4.tcl


****** Vivado v2014.4 (64-bit)
  **** SW Build 1071353 on Tue Nov 18 18:29:27 MST 2014
  **** IP Build 1070531 on Tue Nov 18 01:10:18 MST 2014
    ** Copyright 1986-2014 Xilinx, Inc. All Rights Reserved.

source step_cascade_reg4.tcl
# set_param gui.test TreeTableDev
# set_param xicom.use_bs_reader 1
# debug::add_scope template.lib 1
# set_msg_config -id {HDL 9-1061} -limit 100000
# set_msg_config -id {HDL 9-1654} -limit 100000
# create_project -in_memory -part xc7a35tcpg236-1
# set_param project.compositeFile.enableAutoGeneration 0
# set_param synth.vivado.isSynthRun true
# set_property webtalk.parent_dir C:/Users/lc599/step_cascade_reg3/step_cascade_reg3.cache/wt [current_project]
# set_property parent.project_path C:/Users/lc599/step_cascade_reg3/step_cascade_reg3.xpr [current_project]
# set_property default_lib xil_defaultlib [current_project]
# set_property target_language Verilog [current_project]
# read_vhdl -library xil_defaultlib C:/Users/lc599/step_cascade_reg3/step_cascade_reg3.srcs/sources_1/new/cascade_reg4.vhd
# read_xdc C:/Users/lc599/step_cascade_reg3/step_cascade_reg3.srcs/constrs_1/new/constraints.xdc
# set_property used_in_implementation false [get_files C:/Users/lc599/step_cascade_reg3/step_cascade_reg3.srcs/constrs_1/new/constraints.xdc]
# catch { write_hwdef -file step_cascade_reg4.hwdef }
INFO: [Vivado_Tcl 4-279] hardware handoff file cannot be generated as there is no block diagram instance in the design
# synth_design -top step_cascade_reg4 -part xc7a35tcpg236-1
Command: synth_design -top step_cascade_reg4 -part xc7a35tcpg236-1
Starting synth_design
Attempting to get a license for feature 'Synthesis' and/or device 'xc7a35t'
INFO: [Common 17-349] Got license for feature 'Synthesis' and/or device 'xc7a35t'
INFO: [Common 17-1223] The version limit for your license is '2014.11' and will expire in -128 days. A version limit expiration means that, although you may be able to continue to use the current version of tools or IP with this license, you will not be eligible for any updates or new releases.
---------------------------------------------------------------------------------
Starting RTL Elaboration : Time (s): cpu = 00:00:04 ; elapsed = 00:00:10 . Memory (MB): peak = 243.504 ; gain = 75.500
---------------------------------------------------------------------------------
INFO: [Synth 8-638] synthesizing module 'step_cascade_reg4' [C:/Users/lc599/step_cascade_reg3/step_cascade_reg3.srcs/sources_1/new/cascade_reg4.vhd:15]
INFO: [Synth 8-256] done synthesizing module 'step_cascade_reg4' (1#1) [C:/Users/lc599/step_cascade_reg3/step_cascade_reg3.srcs/sources_1/new/cascade_reg4.vhd:15]
---------------------------------------------------------------------------------
Finished RTL Elaboration : Time (s): cpu = 00:00:04 ; elapsed = 00:00:11 . Memory (MB): peak = 277.668 ; gain = 109.664
---------------------------------------------------------------------------------

Report Check Netlist: 
+------+------------------+-------+---------+-------+------------------+
|      |Item              |Errors |Warnings |Status |Description       |
+------+------------------+-------+---------+-------+------------------+
|1     |multi_driven_nets |      0|        0|Passed |Multi driven nets |
+------+------------------+-------+---------+-------+------------------+
---------------------------------------------------------------------------------
Finished RTL Optimization Phase 1 : Time (s): cpu = 00:00:04 ; elapsed = 00:00:11 . Memory (MB): peak = 277.668 ; gain = 109.664
---------------------------------------------------------------------------------
Loading clock regions from C:/Xilinx/Vivado/2014.4/data\parts/xilinx/artix7/artix7/xc7a35t/ClockRegion.xml
Loading clock buffers from C:/Xilinx/Vivado/2014.4/data\parts/xilinx/artix7/artix7/xc7a35t/ClockBuffers.xml
Loading clock placement rules from C:/Xilinx/Vivado/2014.4/data/parts/xilinx/artix7/ClockPlacerRules.xml
Loading package pin functions from C:/Xilinx/Vivado/2014.4/data\parts/xilinx/artix7/PinFunctions.xml...
Loading package from C:/Xilinx/Vivado/2014.4/data\parts/xilinx/artix7/artix7/xc7a35t/cpg236/Package.xml
Loading io standards from C:/Xilinx/Vivado/2014.4/data\./parts/xilinx/artix7/IOStandards.xml
Loading device configuration modes from C:/Xilinx/Vivado/2014.4/data\parts/xilinx/artix7/ConfigModes.xml
INFO: [Project 1-570] Preparing netlist for logic optimization

Processing XDC Constraints
Initializing timing engine
Parsing XDC File [C:/Users/lc599/step_cascade_reg3/step_cascade_reg3.srcs/constrs_1/new/constraints.xdc]
Finished Parsing XDC File [C:/Users/lc599/step_cascade_reg3/step_cascade_reg3.srcs/constrs_1/new/constraints.xdc]
Completed Processing XDC Constraints

INFO: [Project 1-111] Unisim Transformation Summary:
No Unisim elements were transformed.

Constraint Validation Runtime : Time (s): cpu = 00:00:00 ; elapsed = 00:00:00.001 . Memory (MB): peak = 559.711 ; gain = 0.000
---------------------------------------------------------------------------------
Finished Constraint Validation : Time (s): cpu = 00:00:11 ; elapsed = 00:00:19 . Memory (MB): peak = 559.711 ; gain = 391.707
---------------------------------------------------------------------------------
---------------------------------------------------------------------------------
Start Loading Part and Timing Information
---------------------------------------------------------------------------------
Loading part: xc7a35tcpg236-1
---------------------------------------------------------------------------------
Finished Loading Part and Timing Information : Time (s): cpu = 00:00:11 ; elapsed = 00:00:19 . Memory (MB): peak = 559.711 ; gain = 391.707
---------------------------------------------------------------------------------
---------------------------------------------------------------------------------
Start Applying 'set_property' XDC Constraints
---------------------------------------------------------------------------------
---------------------------------------------------------------------------------
Finished applying 'set_property' XDC Constraints : Time (s): cpu = 00:00:11 ; elapsed = 00:00:19 . Memory (MB): peak = 559.711 ; gain = 391.707
---------------------------------------------------------------------------------
---------------------------------------------------------------------------------
Finished RTL Optimization Phase 2 : Time (s): cpu = 00:00:11 ; elapsed = 00:00:19 . Memory (MB): peak = 559.711 ; gain = 391.707
---------------------------------------------------------------------------------

Report RTL Partitions: 
+-+--------------+------------+----------+
| |RTL Partition |Replication |Instances |
+-+--------------+------------+----------+
+-+--------------+------------+----------+
---------------------------------------------------------------------------------
Start RTL Component Statistics 
---------------------------------------------------------------------------------
Detailed RTL Component Info : 
+---Registers : 
	                4 Bit    Registers := 2     
	                2 Bit    Registers := 1     
	                1 Bit    Registers := 1     
+---Muxes : 
	   4 Input      2 Bit        Muxes := 1     
	   2 Input      2 Bit        Muxes := 1     
	   4 Input      1 Bit        Muxes := 2     
---------------------------------------------------------------------------------
Finished RTL Component Statistics 
---------------------------------------------------------------------------------
---------------------------------------------------------------------------------
Start RTL Hierarchical Component Statistics 
---------------------------------------------------------------------------------
Hierarchical RTL Component report 
Module step_cascade_reg4 
Detailed RTL Component Info : 
+---Registers : 
	                4 Bit    Registers := 2     
	                2 Bit    Registers := 1     
	                1 Bit    Registers := 1     
+---Muxes : 
	   4 Input      2 Bit        Muxes := 1     
	   2 Input      2 Bit        Muxes := 1     
	   4 Input      1 Bit        Muxes := 2     
---------------------------------------------------------------------------------
Finished RTL Hierarchical Component Statistics
---------------------------------------------------------------------------------
---------------------------------------------------------------------------------
Start Part Resource Summary
---------------------------------------------------------------------------------
Part Resources:
DSPs: 120 (col length:60)
BRAMs: 150 (col length: RAMB18 60 RAMB36 30)
---------------------------------------------------------------------------------
Finished Part Resource Summary
---------------------------------------------------------------------------------
Start Parallel Synthesis Optimization  : Time (s): cpu = 00:00:11 ; elapsed = 00:00:19 . Memory (MB): peak = 559.711 ; gain = 391.707
---------------------------------------------------------------------------------
Start Cross Boundary Optimization
---------------------------------------------------------------------------------
---------------------------------------------------------------------------------
Finished Cross Boundary Optimization : Time (s): cpu = 00:00:11 ; elapsed = 00:00:19 . Memory (MB): peak = 559.711 ; gain = 391.707
---------------------------------------------------------------------------------
Finished Parallel Reinference  : Time (s): cpu = 00:00:11 ; elapsed = 00:00:19 . Memory (MB): peak = 559.711 ; gain = 391.707

Report RTL Partitions: 
+-+--------------+------------+----------+
| |RTL Partition |Replication |Instances |
+-+--------------+------------+----------+
+-+--------------+------------+----------+
---------------------------------------------------------------------------------
Start RAM, DSP and Shift Register Reporting
---------------------------------------------------------------------------------
---------------------------------------------------------------------------------
Finished RAM, DSP and Shift Register Reporting
---------------------------------------------------------------------------------
---------------------------------------------------------------------------------
Start Area Optimization
---------------------------------------------------------------------------------
---------------------------------------------------------------------------------
Finished Area Optimization : Time (s): cpu = 00:00:11 ; elapsed = 00:00:19 . Memory (MB): peak = 559.711 ; gain = 391.707
---------------------------------------------------------------------------------
---------------------------------------------------------------------------------
Finished Area Optimization : Time (s): cpu = 00:00:11 ; elapsed = 00:00:19 . Memory (MB): peak = 559.711 ; gain = 391.707
---------------------------------------------------------------------------------
Finished Parallel Area Optimization  : Time (s): cpu = 00:00:11 ; elapsed = 00:00:19 . Memory (MB): peak = 559.711 ; gain = 391.707

Report RTL Partitions: 
+-+--------------+------------+----------+
| |RTL Partition |Replication |Instances |
+-+--------------+------------+----------+
+-+--------------+------------+----------+
Finished Parallel Synthesis Optimization  : Time (s): cpu = 00:00:11 ; elapsed = 00:00:19 . Memory (MB): peak = 559.711 ; gain = 391.707
---------------------------------------------------------------------------------
Start Timing Optimization
---------------------------------------------------------------------------------
---------------------------------------------------------------------------------
Start Applying XDC Timing Constraints
---------------------------------------------------------------------------------
---------------------------------------------------------------------------------
Finished Applying XDC Timing Constraints : Time (s): cpu = 00:00:21 ; elapsed = 00:00:30 . Memory (MB): peak = 559.711 ; gain = 391.707
---------------------------------------------------------------------------------
---------------------------------------------------------------------------------
Finished Timing Optimization : Time (s): cpu = 00:00:21 ; elapsed = 00:00:30 . Memory (MB): peak = 559.711 ; gain = 391.707
---------------------------------------------------------------------------------

Report RTL Partitions: 
+-+--------------+------------+----------+
| |RTL Partition |Replication |Instances |
+-+--------------+------------+----------+
+-+--------------+------------+----------+
---------------------------------------------------------------------------------
Start Technology Mapping
---------------------------------------------------------------------------------
---------------------------------------------------------------------------------
Finished Technology Mapping : Time (s): cpu = 00:00:21 ; elapsed = 00:00:30 . Memory (MB): peak = 559.711 ; gain = 391.707
---------------------------------------------------------------------------------

Report RTL Partitions: 
+-+--------------+------------+----------+
| |RTL Partition |Replication |Instances |
+-+--------------+------------+----------+
+-+--------------+------------+----------+
---------------------------------------------------------------------------------
Start IO Insertion
---------------------------------------------------------------------------------
---------------------------------------------------------------------------------
Start Flattening Before IO Insertion
---------------------------------------------------------------------------------
---------------------------------------------------------------------------------
Finished Flattening Before IO Insertion
---------------------------------------------------------------------------------
---------------------------------------------------------------------------------
Start Final Netlist Cleanup
---------------------------------------------------------------------------------
---------------------------------------------------------------------------------
Finished Final Netlist Cleanup
---------------------------------------------------------------------------------
---------------------------------------------------------------------------------
Finished IO Insertion : Time (s): cpu = 00:00:22 ; elapsed = 00:00:30 . Memory (MB): peak = 559.711 ; gain = 391.707
---------------------------------------------------------------------------------

Report Check Netlist: 
+------+------------------+-------+---------+-------+------------------+
|      |Item              |Errors |Warnings |Status |Description       |
+------+------------------+-------+---------+-------+------------------+
|1     |multi_driven_nets |      0|        0|Passed |Multi driven nets |
+------+------------------+-------+---------+-------+------------------+
---------------------------------------------------------------------------------
Start Renaming Generated Instances
---------------------------------------------------------------------------------
---------------------------------------------------------------------------------
Finished Renaming Generated Instances : Time (s): cpu = 00:00:22 ; elapsed = 00:00:30 . Memory (MB): peak = 559.711 ; gain = 391.707
---------------------------------------------------------------------------------

Report RTL Partitions: 
+-+--------------+------------+----------+
| |RTL Partition |Replication |Instances |
+-+--------------+------------+----------+
+-+--------------+------------+----------+
---------------------------------------------------------------------------------
Start Rebuilding User Hierarchy
---------------------------------------------------------------------------------
---------------------------------------------------------------------------------
Finished Rebuilding User Hierarchy : Time (s): cpu = 00:00:22 ; elapsed = 00:00:30 . Memory (MB): peak = 559.711 ; gain = 391.707
---------------------------------------------------------------------------------
---------------------------------------------------------------------------------
Start RAM, DSP and Shift Register Reporting
---------------------------------------------------------------------------------
---------------------------------------------------------------------------------
Finished RAM, DSP and Shift Register Reporting
---------------------------------------------------------------------------------
---------------------------------------------------------------------------------
Start Writing Synthesis Report
---------------------------------------------------------------------------------

Report BlackBoxes: 
+-+--------------+----------+
| |BlackBox name |Instances |
+-+--------------+----------+
+-+--------------+----------+

Report Cell Usage: 
+------+-----+------+
|      |Cell |Count |
+------+-----+------+
|1     |BUFG |     1|
|2     |LUT3 |     2|
|3     |LUT4 |     1|
|4     |FDRE |    11|
|5     |IBUF |     8|
|6     |OBUF |     8|
+------+-----+------+

Report Instance Areas: 
+------+---------+-------+------+
|      |Instance |Module |Cells |
+------+---------+-------+------+
|1     |top      |       |    31|
+------+---------+-------+------+
---------------------------------------------------------------------------------
Finished Writing Synthesis Report : Time (s): cpu = 00:00:22 ; elapsed = 00:00:30 . Memory (MB): peak = 559.711 ; gain = 391.707
---------------------------------------------------------------------------------
Synthesis finished with 0 errors, 0 critical warnings and 0 warnings.
Synthesis Optimization Runtime : Time (s): cpu = 00:00:00 ; elapsed = 00:00:17 . Memory (MB): peak = 559.711 ; gain = 82.613
Synthesis Optimization Complete : Time (s): cpu = 00:00:22 ; elapsed = 00:00:30 . Memory (MB): peak = 559.711 ; gain = 391.707
INFO: [Project 1-571] Translating synthesized netlist
INFO: [Netlist 29-17] Analyzing 8 Unisim elements for replacement
INFO: [Netlist 29-28] Unisim Transformation completed in 0 CPU seconds
INFO: [Project 1-570] Preparing netlist for logic optimization
INFO: [Opt 31-140] Inserted 0 IBUFs to IO ports without IO buffers.
INFO: [Opt 31-141] Inserted 0 OBUFs to IO ports without IO buffers.
INFO: [Opt 31-138] Pushed 0 inverter(s) to 0 load pin(s).
INFO: [Project 1-111] Unisim Transformation Summary:
No Unisim elements were transformed.

INFO: [Common 17-83] Releasing license: Synthesis
15 Infos, 0 Warnings, 0 Critical Warnings and 0 Errors encountered.
synth_design completed successfully
synth_design: Time (s): cpu = 00:00:22 ; elapsed = 00:00:29 . Memory (MB): peak = 559.711 ; gain = 370.777
# write_checkpoint -noxdef step_cascade_reg4.dcp
# catch { report_utilization -file step_cascade_reg4_utilization_synth.rpt -pb step_cascade_reg4_utilization_synth.pb }
report_utilization: Time (s): cpu = 00:00:00 ; elapsed = 00:00:00.038 . Memory (MB): peak = 559.711 ; gain = 0.000
INFO: [Common 17-206] Exiting Vivado at Tue Apr 07 16:16:01 2015...
